2025-03-29 12:27:02,596 - INFO - file_cache is only supported with oauth2client<4.0.0
2025-03-29 12:27:02,619 - DEBUG - URL being requested: POST https://gmail.googleapis.com/gmail/v1/users/me/messages/send?alt=json
2025-03-29 12:27:05,790 - ERROR - Failed to send email: 'charmap' codec can't encode character '\u2705' in position 0: character maps to <undefined>
Traceback (most recent call last):
  File "C:\xampp\htdocs\pbl2_sourcecode\testing-code-files\email_with_python\email_sender.py", line 59, in send_membership_welcome_email
    print(f"\u2705 Email sent successfully to {email}!")
  File "C:\Python312\Lib\encodings\cp1252.py", line 19, in encode
    return codecs.charmap_encode(input,self.errors,encoding_table)[0]
           ^^^^^^^^^^^^^^^^^^^^^^^^^^^^^^^^^^^^^^^^^^^^^^^^^^^^^^^
UnicodeEncodeError: 'charmap' codec can't encode character '\u2705' in position 0: character maps to <undefined>

During handling of the above exception, another exception occurred:

Traceback (most recent call last):
  File "C:\xampp\htdocs\pbl2_sourcecode\testing-code-files\email_with_python\email_sender.py", line 77, in <module>
    send_membership_welcome_email(recipient, first_name, membership_id)
  File "C:\xampp\htdocs\pbl2_sourcecode\testing-code-files\email_with_python\email_sender.py", line 66, in send_membership_welcome_email
    print("\u274c Email sending failed. Check logs for details.")
  File "C:\Python312\Lib\encodings\cp1252.py", line 19, in encode
    return codecs.charmap_encode(input,self.errors,encoding_table)[0]
           ^^^^^^^^^^^^^^^^^^^^^^^^^^^^^^^^^^^^^^^^^^^^^^^^^^^^^^^
UnicodeEncodeError: 'charmap' codec can't encode character '\u274c' in position 0: character maps to <undefined>
2025-03-29 12:28:53,506 - INFO - file_cache is only supported with oauth2client<4.0.0
2025-03-29 12:28:53,528 - DEBUG - URL being requested: POST https://gmail.googleapis.com/gmail/v1/users/me/messages/send?alt=json
✔ Email sent successfully to ishansurdi@gmail.com
2025-03-29 12:30:44,785 - INFO - file_cache is only supported with oauth2client<4.0.0
2025-03-29 12:30:44,805 - DEBUG - URL being requested: POST https://gmail.googleapis.com/gmail/v1/users/me/messages/send?alt=json
✔ Email sent successfully to ishansurdi@gmail.com
2025-03-29 12:33:38,708 - INFO - file_cache is only supported with oauth2client<4.0.0
2025-03-29 12:33:38,724 - DEBUG - URL being requested: POST https://gmail.googleapis.com/gmail/v1/users/me/messages/send?alt=json
✔ Email sent successfully to ishansurdi@gmail.com
2025-03-29 12:35:49,339 - INFO - file_cache is only supported with oauth2client<4.0.0
2025-03-29 12:35:49,376 - DEBUG - URL being requested: POST https://gmail.googleapis.com/gmail/v1/users/me/messages/send?alt=json
✔ Email sent successfully to ishansurdi@gmail.com
2025-03-29 12:37:17,810 - INFO - file_cache is only supported with oauth2client<4.0.0
2025-03-29 12:37:17,825 - DEBUG - URL being requested: POST https://gmail.googleapis.com/gmail/v1/users/me/messages/send?alt=json
✔ Email sent successfully to ishansurdi@gmail.com
2025-03-29 12:39:16,515 - INFO - file_cache is only supported with oauth2client<4.0.0
2025-03-29 12:39:16,529 - DEBUG - URL being requested: POST https://gmail.googleapis.com/gmail/v1/users/me/messages/send?alt=json
✔ Email sent successfully to ishansurdi@gmail.com
2025-03-29 12:41:30,477 - INFO - file_cache is only supported with oauth2client<4.0.0
2025-03-29 12:41:30,489 - DEBUG - URL being requested: POST https://gmail.googleapis.com/gmail/v1/users/me/messages/send?alt=json
✔ Email sent successfully to ishansurdi@gmail.com
